<?xml version="1.0" encoding="UTF-8"?>
<!-- Generated by org.testng.reporters.JUnitXMLReporter -->
<testsuite ignored="0" hostname="DESKTOP-QBF8APR" failures="0" tests="25" name="Test" time="217.208" errors="0" timestamp="2025-09-20T20:55:50 IST">
  <testcase classname="testCases.TC001_AccountResgistrationTest" name="verfy_AccountRegistration" time="2.108"/>
  <testcase classname="testCases.TC001_AccountResgistrationTest" name="verify_RegistrationWithEmptyFirstName" time="11.041"/>
  <testcase classname="testCases.TC001_AccountResgistrationTest" name="verify_RegistrationWithInvalidEmail" time="11.013"/>
  <testcase classname="testCases.TC001_AccountResgistrationTest" name="verify_RegistrationWithPasswordMismatch" time="11.062"/>
  <testcase classname="testCases.TC002_LoginTest" name="verify_LoginWithValidCredentials" time="1.358"/>
  <testcase classname="testCases.TC002_LoginTest" name="verify_LoginWithInvalidCredentials" time="0.753"/>
  <testcase classname="testCases.TC002_LoginTest" name="verify_LoginWithEmptyUsername" time="0.664"/>
  <testcase classname="testCases.TC002_LoginTest" name="verify_LoginWithEmptyPassword" time="0.701"/>
  <testcase classname="testCases.TC003_LoginDDT" name="verify_Loginddt" time="1.227"/>
  <testcase classname="testCases.TC003_LoginDDT" name="verify_Loginddt" time="10.753"/>
  <testcase classname="testCases.TC003_LoginDDT" name="verify_Loginddt" time="10.78"/>
  <testcase classname="testCases.TC003_LoginDDT" name="verify_Loginddt" time="10.687"/>
  <testcase classname="testCases.TC003_LoginDDT" name="verify_Loginddt" time="10.528"/>
  <testcase classname="testCases.TC004_SearchProductTest" name="searchproduct" time="7.205"/>
  <testcase classname="testCases.TC004_SearchProductTest" name="searchProductNotExist" time="2.431"/>
  <testcase classname="testCases.TC004_SearchProductTest" name="searchProductWithEmptyInput" time="2.469"/>
  <testcase classname="testCases.TC004_SearchProductTest" name="searchProductWithSpecialChars" time="2.423"/>
  <testcase classname="testCases.TC007_AddtoWishlistTest" name="verifyWishlist" time="8.859"/>
  <testcase classname="testCases.TC007_AddtoWishlistTest" name="addToWishlistWithoutLogin" time="0.572"/>
  <testcase classname="testCases.TC006_CompareProductTest" name="VerifyCompareproduct" time="6.806"/>
  <testcase classname="testCases.TC006_CompareProductTest" name="addToCompareWithoutSelectingProduct" time="0.693"/>
  <testcase classname="testCases.TC005_AddtocartTest" name="verifyaddtocart" time="2.015"/>
  <testcase classname="testCases.TC008_ShoppingcartTest" name="verfiyShoppingcartTest" time="22.55"/>
  <testcase classname="testCases.TC008_ShoppingcartTest" name="estimateShippingWithInvalidDetails" time="6.954"/>
  <testcase classname="testCases.TC009_E2ECheckoutflowTest" name="verifyE2Echekout" time="50.67"/>
</testsuite> <!-- Test -->
