<?xml version="1.0" encoding="UTF-8"?>
<!-- Generated by org.testng.reporters.JUnitXMLReporter -->
<testsuite ignored="0" hostname="DESKTOP-QBF8APR" failures="0" tests="4" name="Test" time="43.287" errors="0" timestamp="2025-09-19T23:11:23 IST">
  <testcase classname="testCases.TC001_AccountResgistrationTest" name="verfy_AccountRegistration" time="2.859"/>
  <testcase classname="testCases.TC001_AccountResgistrationTest" name="verify_RegistrationWithEmptyFirstName" time="11.753"/>
  <testcase classname="testCases.TC001_AccountResgistrationTest" name="verify_RegistrationWithInvalidEmail" time="11.384"/>
  <testcase classname="testCases.TC001_AccountResgistrationTest" name="verify_RegistrationWithPasswordMismatch" time="11.711"/>
</testsuite> <!-- Test -->
