<?xml version="1.0" encoding="UTF-8"?>
<!-- Generated by org.testng.reporters.JUnitXMLReporter -->
<testsuite ignored="0" hostname="DESKTOP-QBF8APR" failures="0" tests="2" name="Linux-Firefox" time="191.436" errors="0" timestamp="2025-09-08T17:52:50 IST">
  <testcase classname="testCases.TC001_AccountResgistrationTest" name="verfy_account_registration" time="3.549"/>
  <testcase classname="testCases.TC002_LoginTest" name="verify_Login" time="0.0">
    <skipped/>
  </testcase> <!-- verify_Login -->
</testsuite> <!-- Linux-Firefox -->
