<?xml version="1.0" encoding="UTF-8"?>
<!-- Generated by org.testng.reporters.JUnitXMLReporter -->
<testsuite ignored="0" hostname="DESKTOP-QBF8APR" failures="1" tests="1" name="Windows-Edge" time="40.918" errors="0" timestamp="2025-09-21T21:30:15 IST">
  <testcase classname="testCases.TC009_E2ECheckoutflowTest" name="verifyE2Echekout" time="34.949">
    <failure type="java.lang.AssertionError" message="null">
      <![CDATA[java.lang.AssertionError: null
at testCases.TC009_E2ECheckoutflowTest.verifyE2Echekout(TC009_E2ECheckoutflowTest.java:193)
at java.base/java.util.ArrayList.forEach(ArrayList.java:1511)
... Removed 29 stack frames]]>
    </failure>
  </testcase> <!-- verifyE2Echekout -->
</testsuite> <!-- Windows-Edge -->
