<?xml version="1.0" encoding="UTF-8"?>
<testng-results ignored="0" total="2" passed="2" failed="0" skipped="0">
  <reporter-output>
  </reporter-output>
  <suite started-at="2025-09-08T19:21:04 IST" name="Master Suite" finished-at="2025-09-08T19:21:18 IST" duration-ms="14010">
    <groups>
      <group name="Master">
        <method signature="TC001_AccountResgistrationTest.verfy_account_registration()[pri:0, instance:testCases.TC001_AccountResgistrationTest@6771beb3]" name="verfy_account_registration" class="testCases.TC001_AccountResgistrationTest"/>
        <method signature="TC002_LoginTest.verify_Login()[pri:0, instance:testCases.TC002_LoginTest@28701274]" name="verify_Login" class="testCases.TC002_LoginTest"/>
      </group> <!-- Master -->
      <group name="Sanity">
        <method signature="TC002_LoginTest.verify_Login()[pri:0, instance:testCases.TC002_LoginTest@28701274]" name="verify_Login" class="testCases.TC002_LoginTest"/>
      </group> <!-- Sanity -->
      <group name="Regression">
        <method signature="TC001_AccountResgistrationTest.verfy_account_registration()[pri:0, instance:testCases.TC001_AccountResgistrationTest@6771beb3]" name="verfy_account_registration" class="testCases.TC001_AccountResgistrationTest"/>
      </group> <!-- Regression -->
    </groups>
    <test started-at="2025-09-08T19:21:04 IST" name="Test" finished-at="2025-09-08T19:21:18 IST" duration-ms="14010">
      <class name="testCases.TC002_LoginTest">
        <test-method is-config="true" signature="setup(java.lang.String,java.lang.String)[pri:0, instance:testCases.TC002_LoginTest@28701274]" started-at="2025-09-08T19:21:13 IST" name="setup" finished-at="2025-09-08T19:21:16 IST" duration-ms="2797" status="PASS">
          <params>
            <param index="0">
              <value>
                <![CDATA[Windows]]>
              </value>
            </param>
            <param index="1">
              <value>
                <![CDATA[chrome]]>
              </value>
            </param>
          </params>
          <reporter-output>
          </reporter-output>
        </test-method> <!-- setup -->
        <test-method signature="verify_Login()[pri:0, instance:testCases.TC002_LoginTest@28701274]" started-at="2025-09-08T19:21:16 IST" name="verify_Login" finished-at="2025-09-08T19:21:18 IST" duration-ms="2325" status="PASS">
          <reporter-output>
          </reporter-output>
        </test-method> <!-- verify_Login -->
        <test-method is-config="true" signature="tearDown()[pri:0, instance:testCases.TC002_LoginTest@28701274]" started-at="2025-09-08T19:21:18 IST" name="tearDown" finished-at="2025-09-08T19:21:18 IST" duration-ms="153" status="PASS">
          <reporter-output>
          </reporter-output>
        </test-method> <!-- tearDown -->
      </class> <!-- testCases.TC002_LoginTest -->
      <class name="testCases.TC001_AccountResgistrationTest">
        <test-method is-config="true" signature="setup(java.lang.String,java.lang.String)[pri:0, instance:testCases.TC001_AccountResgistrationTest@6771beb3]" started-at="2025-09-08T19:21:05 IST" name="setup" finished-at="2025-09-08T19:21:10 IST" duration-ms="4777" status="PASS">
          <params>
            <param index="0">
              <value>
                <![CDATA[Windows]]>
              </value>
            </param>
            <param index="1">
              <value>
                <![CDATA[chrome]]>
              </value>
            </param>
          </params>
          <reporter-output>
          </reporter-output>
        </test-method> <!-- setup -->
        <test-method signature="verfy_account_registration()[pri:0, instance:testCases.TC001_AccountResgistrationTest@6771beb3]" started-at="2025-09-08T19:21:10 IST" name="verfy_account_registration" finished-at="2025-09-08T19:21:13 IST" duration-ms="3027" status="PASS">
          <reporter-output>
          </reporter-output>
        </test-method> <!-- verfy_account_registration -->
        <test-method is-config="true" signature="tearDown()[pri:0, instance:testCases.TC001_AccountResgistrationTest@6771beb3]" started-at="2025-09-08T19:21:13 IST" name="tearDown" finished-at="2025-09-08T19:21:13 IST" duration-ms="274" status="PASS">
          <reporter-output>
          </reporter-output>
        </test-method> <!-- tearDown -->
      </class> <!-- testCases.TC001_AccountResgistrationTest -->
    </test> <!-- Test -->
  </suite> <!-- Master Suite -->
</testng-results>
